<?xml version="1.0" encoding="UTF-8"?>
<!-- Generated by org.testng.reporters.JUnitReportReporter -->
<testsuite hostname="RaviShruthi" failures="0" tests="1" name="testCases.TC_001_AccountRegistrationTest" time="0.805" errors="0" timestamp="2023-08-02T19:07:52 CDT" skipped="0">
  <testcase classname="testCases.TC_001_AccountRegistrationTest" name="test_account_Registration" time="0.805"/>
</testsuite> <!-- testCases.TC_001_AccountRegistrationTest -->
